Rebuild target 'Target 1'
compiling main.c...
compiling Control.c...
compiling report.c...
Source\report.c(83): warning C280: 'i': unreferenced local variable
compiling Menu.c...
compiling pFunc.c...
compiling systemTimer.c...
compiling usart.c...
compiling timer.c...
compiling wifi.c...
assembling STARTUP.A51...
linking...
*** WARNING L7: MODULE NAME NOT UNIQUE
    MODULE:  .\Objects\STARTUP.obj (?C_STARTUP)

*** WARNING L16: UNCALLED SEGMENT, IGNORED FOR OVERLAY PROCESS
    SEGMENT: ?PR?RS485_TO_PLC?REPORT

Program Size: data=9.0 xdata=3206 code=21381
creating hex file from ".\Objects\WIRELESS_PLC"...
".\Objects\WIRELESS_PLC" - 0 Error(s), 3 Warning(s).
Build Time Elapsed:  00:00:01
