C51 COMPILER V9.60.0.0   ADC                                                               05/19/2021 10:17:05 PAGE 1   


C51 COMPILER V9.60.0.0, COMPILATION OF MODULE ADC
OBJECT MODULE PLACED IN .\Objects\adc.obj
COMPILER INVOKED BY: C:\Keil_v5\C51\BIN\C51.EXE Source\adc.c LARGE OPTIMIZE(8,SPEED) BROWSE INCDIR(.\Include) DEBUG OBJE
                    -CTEXTEND PRINT(.\Listings\adc.lst) OBJECT(.\Objects\adc.obj)

line level    source

   1          #include"adc.h"
   2          #include<STC8.h>
   3          
   4          
   5          unsigned short ADC_Value;
   6          unsigned char ADC_vol_L;
   7          unsigned char ADC_vol_H;
   8          
   9          
  10          bit ADC_Start;
  11          
  12          /*********************************************************
  13          * 函数名：unsigned short  ADC_CHANCEL_getValue(unaigned char chanel)
  14          * 功能：  获取对应通道的AD值 
  15          * 参数：
  16          * 作者：zhao1peng
  17          * note：此函数使用的是阻塞式 读取AD值 
  18          * 
  19          *  AD采集支持P0.0 -- P0.7  和P1.0--P1.7 共16路的AD数据采集
  20          *  采集到的数据为 12位 左对齐
  21          *
  22          *  次函数存在的问题：采集到的的数据不对，可能是调试的开发板的硬件电路有问题 导致的吧.
  23          *   或者是参考电压选择的不对 
  24          **********************************************************/
  25          unsigned short ADC_CHANCEL_getValue(unsigned char chanel)
  26          {
  27   1              unsigned short ii = 4000,jj = 500;
  28   1              unsigned short ADbuff;
  29   1              unsigned char CHANEL = 0X01;
  30   1      
  31   1              if(chanel < 0x08)
  32   1              {
  33   2                        P1M0 = chanel;                    //设置ADC的输入引脚入口
  34   2                  P1M1 = (CHANEL << chanel);
  35   2              }
  36   1              else if(chanel < 0x10)
  37   1              {
  38   2                        P0M0 = chanel;                    //设置ADC的输入引脚入口
  39   2                  P0M1 = (CHANEL << chanel);
  40   2              }
  41   1      
  42   1               ADC_CONTR = 0x00;//
  43   1         ADCCFG = 0x0f;                              //设置ADC时钟为系统时钟/2/16/16
  44   1         ADC_CONTR = 0x80|chanel ;                   //使能ADC模块
  45   1         EADC = 1;                                   //使能ADC中断
  46   1         EA = 1;
  47   1      
  48   1         ADC_CONTR |= 0x40;                          //启动AD转换
  49   1               ADC_Start = 1;
  50   1               while(jj--);
  51   1      
  52   1               while (ADC_Start)                                                                                                         //等待转换完成
  53   1               {
  54   2                       if(!(ii --))
C51 COMPILER V9.60.0.0   ADC                                                               05/19/2021 10:17:05 PAGE 2   

  55   2                       {
  56   3                               break;
  57   3                       }
  58   2                       CLRWDT();//清除看门狗
*** WARNING C206 IN LINE 58 OF Source\adc.c: 'CLRWDT': missing function-prototype
  59   2               }
  60   1      
  61   1              ADC_Value |= ADC_vol_H;
  62   1              ADbuff = ADC_Value << 8;
  63   1              ADC_Value = ADbuff|ADC_vol_L;
  64   1              
  65   1              return  ADC_Value;
  66   1      }
  67          
  68          
  69          void ADC_Isr() interrupt 5
  70          {
  71   1          ADC_CONTR &= ~0x20;         //清中断标志
  72   1                      ADCCFG = 0X00;                                                          //结果左对齐
  73   1      
  74   1          ADC_vol_H = ADC_RES;        //读取ADC结果高位
  75   1                      ADC_vol_L = ADC_RESL;                           //读取ADC结果低位
  76   1      
  77   1          ADC_RES = 0;
  78   1          ADC_RESL = 0;
  79   1                      ADC_Start = 0;                                                  //转换完成
  80   1          ADC_CONTR |= 0x40;          //继续AD转换
  81   1      }


MODULE INFORMATION:   STATIC OVERLAYABLE
   CODE SIZE        =    188    ----
   CONSTANT SIZE    =   ----    ----
   XDATA SIZE       =      4       2
   PDATA SIZE       =   ----    ----
   DATA SIZE        =   ----    ----
   IDATA SIZE       =   ----    ----
   BIT SIZE         =      1    ----
END OF MODULE INFORMATION.


C51 COMPILATION COMPLETE.  1 WARNING(S),  0 ERROR(S)
