C51 COMPILER V9.60.0.0   CHINESE_CODE                                                      09/22/2021 12:18:47 PAGE 1   


C51 COMPILER V9.60.0.0, COMPILATION OF MODULE CHINESE_CODE
OBJECT MODULE PLACED IN .\Objects\Chinese_code.obj
COMPILER INVOKED BY: C:\Keil_v5\C51\BIN\C51.EXE Source\Chinese_code.c LARGE OPTIMIZE(9,SPEED) BROWSE INCDIR(.\Include;.\
                    -FreeModBus\Inc) DEBUG OBJECTEXTEND PRINT(.\Listings\Chinese_code.lst) OBJECT(.\Objects\Chinese_code.obj)

line level    source

   1          #include "Chinese_code.h"
   2          
   3          
   4          unsigned char code ChineseTable[][2]=
   5          {
   6                  "标","定","开","关","参","数","配","置","时","间","行",
   7                  "模","拟","请","输","入","密","码","新","确","认","修",
   8                  "改","成","功","失","败","主","界","面","本","地","连",
   9                  "接","远","程","通","信","方","式","启","停","波","特",
  10                  "率","设","串","口","恢","复","出","厂","是","否","等",
  11          };
  12          
  13          unsigned char code Chinese_code_12x12[]= 
  14          {
  15          0x88,0x68,0xFF,0x48,0x10,0x92,0x12,0xF2,0x12,0x92,0x10,0x00,0x00,0x00,0x0F,0x00,0x02,0x01,0x08,0x0F,0x00,0
             -x00,0x03,0x00,/*"标",0*/
  16          
  17          0x2C,0x24,0xA4,0x24,0x25,0xE6,0x24,0x24,0x24,0x24,0x2C,0x00,0x08,0x04,0x03,0x04,0x08,0x0F,0x09,0x09,0x09,0
             -x09,0x08,0x00,/*"定",1*/
  18          
  19          0x40,0x42,0x42,0xFE,0x42,0x42,0x42,0xFE,0x42,0x42,0x40,0x00,0x00,0x08,0x06,0x01,0x00,0x00,0x00,0x0F,0x00,0
             -x00,0x00,0x00,/*"开",2*/
  20          
  21          0x40,0x48,0x49,0x4A,0x48,0xF8,0x48,0x4A,0x49,0x48,0x40,0x00,0x08,0x08,0x04,0x02,0x01,0x00,0x01,0x02,0x04,0
             -x08,0x08,0x00,/*"关",3*/
  22          
  23          0x90,0x54,0xB6,0x95,0x5C,0x54,0x34,0x94,0x36,0x54,0x90,0x00,0x00,0x0A,0x0A,0x0A,0x0A,0x09,0x05,0x04,0x04,0
             -x02,0x00,0x00,/*"参",4*/
  24          
  25          0x48,0x2A,0x98,0x7F,0x28,0x4A,0x10,0xEF,0x08,0xF8,0x08,0x00,0x09,0x0B,0x05,0x05,0x0B,0x00,0x08,0x05,0x02,0
             -x05,0x08,0x00,/*"数",5*/
  26          
  27          0xFA,0x4A,0x3E,0x0A,0x3E,0x4A,0xFA,0x00,0xE2,0x22,0x3E,0x00,0x0F,0x05,0x05,0x05,0x05,0x05,0x0F,0x00,0x07,0
             -x08,0x0E,0x00,/*"配",6*/
  28          
  29          0x10,0x17,0xD5,0x55,0x57,0x7D,0x57,0x55,0xD5,0x17,0x10,0x00,0x08,0x08,0x0F,0x08,0x08,0x0E,0x08,0x08,0x0F,0
             -x08,0x08,0x00,/*"置",7*/
  30          
  31          0xFE,0x22,0x22,0xFE,0x00,0x08,0x48,0x88,0x08,0xFF,0x08,0x00,0x07,0x02,0x02,0x07,0x00,0x00,0x00,0x09,0x08,0
             -x0F,0x00,0x00,/*"时",8*/
  32          
  33          0x00,0xF9,0x02,0xF8,0x49,0x49,0x49,0x49,0xF9,0x01,0xFF,0x00,0x00,0x0F,0x00,0x03,0x02,0x02,0x02,0x02,0x0B,0
             -x08,0x0F,0x00,/*"间",9*/
  34          
  35          0x48,0x24,0xF2,0x09,0x10,0x12,0x12,0x12,0xF2,0x12,0x10,0x00,0x00,0x00,0x0F,0x00,0x00,0x00,0x08,0x08,0x0F,0
             -x00,0x00,0x00,/*"行",10*/
  36          
  37          0x88,0x68,0xFF,0x48,0x02,0xFA,0xAF,0xAA,0xAF,0xFA,0x02,0x00,0x00,0x00,0x0F,0x00,0x0A,0x0A,0x06,0x03,0x06,0
             -x0A,0x0A,0x00,/*"模",11*/
  38          
  39          0x88,0xFF,0x48,0x00,0xFE,0x00,0x82,0x0C,0xE0,0x1F,0x00,0x00,0x08,0x0F,0x00,0x00,0x03,0x09,0x04,0x03,0x00,0
             -x03,0x0C,0x00,/*"拟",12*/
  40          
  41          0x11,0xF2,0x00,0x22,0xEA,0xAA,0xBF,0xAA,0xAA,0xEA,0x22,0x00,0x00,0x0F,0x04,0x00,0x0F,0x02,0x02,0x02,0x0A,0
C51 COMPILER V9.60.0.0   CHINESE_CODE                                                      09/22/2021 12:18:47 PAGE 2   

             -x0F,0x00,0x00,/*"请",13*/
  42          
  43          0x34,0x2C,0xF7,0xA4,0xE8,0xA4,0xEA,0x09,0xCA,0x04,0xE8,0x00,0x01,0x01,0x0F,0x00,0x0F,0x02,0x0F,0x00,0x03,0
             -x08,0x0F,0x00,/*"输",14*/
  44          
  45          0x00,0x00,0x01,0x81,0x72,0x0C,0x70,0x80,0x00,0x00,0x00,0x00,0x08,0x04,0x02,0x01,0x00,0x00,0x00,0x01,0x02,0
             -x04,0x08,0x00,/*"入",15*/
  46          
  47          0x46,0x32,0x82,0xB2,0x46,0x6B,0x52,0x4A,0x62,0x12,0x66,0x00,0x00,0x0E,0x08,0x08,0x08,0x0F,0x08,0x08,0x08,0
             -x0E,0x00,0x00,/*"密",16*/
  48          
  49          0x42,0xF2,0x2E,0xE2,0x01,0x3D,0x21,0x21,0x21,0x3F,0xE0,0x00,0x00,0x07,0x02,0x07,0x01,0x01,0x01,0x01,0x09,0
             -x08,0x07,0x00,/*"码",17*/
  50          
  51          0x20,0xAA,0xB2,0xE3,0xB2,0xAA,0x00,0xFE,0x12,0xF2,0x11,0x00,0x04,0x02,0x08,0x0F,0x00,0x0A,0x04,0x03,0x00,0
             -x0F,0x00,0x00,/*"新",18*/
  52          
  53          0x42,0xF2,0x2E,0xE2,0x00,0xF4,0x53,0xF2,0x5A,0x56,0xF0,0x00,0x00,0x07,0x02,0x07,0x08,0x07,0x01,0x07,0x01,0
             -x09,0x0F,0x00,/*"确",19*/
  54          
  55          0x10,0x11,0xF2,0x00,0x00,0x00,0xC0,0x3F,0xC0,0x00,0x00,0x00,0x00,0x00,0x07,0x02,0x09,0x06,0x01,0x00,0x01,0
             -x06,0x08,0x00,/*"认",20*/
  56          
  57          0x10,0xFC,0x03,0xF8,0x10,0x94,0x8B,0x4A,0x2A,0x96,0x10,0x00,0x00,0x0F,0x00,0x03,0x08,0x0A,0x0A,0x09,0x05,0
             -x04,0x02,0x00,/*"修",21*/
  58          
  59          0xE2,0x22,0x22,0x3E,0x20,0x10,0xEF,0x08,0x88,0x78,0x08,0x00,0x0F,0x04,0x02,0x01,0x08,0x04,0x02,0x01,0x02,0
             -x04,0x08,0x00,/*"改",22*/
  60          
  61          0x00,0xFC,0x24,0x24,0xE4,0x04,0xFF,0x04,0x85,0x66,0x04,0x00,0x08,0x07,0x00,0x02,0x0B,0x04,0x02,0x01,0x02,0
             -x04,0x0F,0x00,/*"成",23*/
  62          
  63          0x04,0x04,0xFC,0x04,0x04,0x08,0xFF,0x08,0x08,0x08,0xF8,0x00,0x02,0x02,0x01,0x09,0x05,0x03,0x00,0x00,0x08,0
             -x08,0x07,0x00,/*"功",24*/
  64          
  65          0xA0,0x90,0x8E,0x88,0x88,0xFF,0x88,0x88,0x88,0x80,0x80,0x00,0x08,0x08,0x04,0x02,0x01,0x00,0x01,0x02,0x04,0
             -x08,0x08,0x00,/*"失",25*/
  66          
  67          0xFE,0x02,0xFA,0x02,0xFE,0x10,0xEC,0x0B,0x08,0xF8,0x08,0x00,0x09,0x04,0x03,0x04,0x09,0x08,0x05,0x02,0x05,0
             -x08,0x08,0x00,/*"败",26*/
  68          
  69          0x00,0x88,0x88,0x88,0x89,0xFA,0x88,0x88,0x88,0x88,0x00,0x00,0x08,0x08,0x08,0x08,0x08,0x0F,0x08,0x08,0x08,0
             -x08,0x08,0x00,/*"主",27*/
  70          
  71          0x80,0x9F,0x95,0x55,0x55,0x3F,0x55,0x55,0x95,0x9F,0x80,0x00,0x00,0x08,0x04,0x03,0x00,0x00,0x00,0x0F,0x00,0
             -x00,0x00,0x00,/*"界",28*/
  72          
  73          0x02,0xF2,0x12,0x12,0xFA,0x56,0x52,0xF2,0x12,0x12,0xF2,0x00,0x00,0x0F,0x04,0x04,0x07,0x05,0x05,0x07,0x04,0
             -x04,0x0F,0x00,/*"面",29*/
  74          
  75          0x04,0x04,0x84,0x64,0x14,0xFF,0x14,0x64,0x84,0x04,0x04,0x00,0x02,0x01,0x02,0x02,0x02,0x0F,0x02,0x02,0x02,0
             -x01,0x02,0x00,/*"本",30*/
  76          
  77          0x10,0x10,0xFF,0x10,0x20,0xFC,0x10,0xFF,0x08,0x84,0xFC,0x00,0x04,0x04,0x03,0x02,0x00,0x07,0x08,0x09,0x08,0
             -x08,0x0E,0x00,/*"地",31*/
  78          
  79          0x21,0xE2,0x00,0x04,0x34,0x2C,0x27,0xF4,0x24,0x24,0x04,0x00,0x08,0x07,0x08,0x09,0x09,0x09,0x09,0x0F,0x09,0
             -x09,0x09,0x00,/*"连",32*/
  80          
  81          0x88,0x88,0xFF,0x48,0xA4,0xAC,0xB5,0xE6,0xB4,0xAC,0xA4,0x00,0x00,0x08,0x0F,0x00,0x08,0x0A,0x0B,0x04,0x04,0
             -x0B,0x08,0x00,/*"接",33*/
  82          
C51 COMPILER V9.60.0.0   CHINESE_CODE                                                      09/22/2021 12:18:47 PAGE 3   

  83          0x21,0xE2,0x00,0x10,0x12,0xF2,0x12,0x12,0xF2,0x12,0x10,0x00,0x08,0x07,0x08,0x0A,0x09,0x08,0x08,0x08,0x09,0
             -x0A,0x0B,0x00,/*"远",34*/
  84          
  85          0x12,0xD2,0xFE,0x51,0x80,0x2F,0x29,0xE9,0x29,0x2F,0x00,0x00,0x01,0x00,0x0F,0x00,0x08,0x09,0x09,0x0F,0x09,0
             -x09,0x08,0x00,/*"程",35*/
  86          
  87          0x11,0xF2,0x00,0xF9,0xA9,0xAB,0xFD,0xAD,0xAB,0xF8,0x00,0x00,0x08,0x07,0x08,0x0B,0x08,0x08,0x0B,0x08,0x0A,0
             -x0B,0x08,0x00,/*"通",36*/
  88          
  89          0x10,0xFC,0x03,0x04,0x54,0x54,0x55,0x56,0x54,0x54,0x04,0x00,0x00,0x0F,0x00,0x00,0x0F,0x05,0x05,0x05,0x05,0
             -x0F,0x00,0x00,/*"信",37*/
  90          
  91          0x04,0x04,0x04,0xFC,0x25,0x26,0x24,0x24,0x24,0xE4,0x04,0x00,0x08,0x04,0x03,0x00,0x00,0x00,0x08,0x08,0x08,0
             -x07,0x00,0x00,/*"方",38*/
  92          
  93          0x08,0x48,0x48,0xC8,0x48,0x48,0x08,0xFF,0x08,0x09,0x0A,0x00,0x08,0x08,0x08,0x07,0x04,0x04,0x04,0x00,0x03,0
             -x04,0x0E,0x00,/*"式",39*/
  94          
  95          0x00,0x00,0xFC,0xA4,0xA4,0xA5,0xA6,0xA4,0xA4,0xA4,0xBC,0x00,0x08,0x06,0x01,0x0F,0x04,0x04,0x04,0x04,0x04,0
             -x04,0x0F,0x00,/*"启",40*/
  96          
  97          0x20,0x10,0xFC,0x03,0x82,0xBA,0xAA,0xAB,0xAA,0xBA,0x82,0x00,0x00,0x00,0x0F,0x00,0x01,0x02,0x0A,0x0E,0x02,0
             -x02,0x01,0x00,/*"停",41*/
  98          
  99          0x22,0x44,0x00,0xFC,0x24,0xE4,0x24,0x3F,0x24,0xE4,0x0C,0x00,0x04,0x02,0x08,0x07,0x08,0x08,0x05,0x02,0x05,0
             -x08,0x08,0x00,/*"波",42*/
 100          
 101          0x9C,0x88,0xFF,0x48,0x10,0x54,0x54,0x5F,0xF4,0x54,0x50,0x00,0x00,0x00,0x0F,0x00,0x00,0x01,0x0A,0x08,0x0F,0
             -x00,0x00,0x00,/*"特",43*/
 102          
 103          0x02,0x8A,0x52,0x9A,0xD6,0xB3,0xD2,0x8A,0x52,0x8A,0x02,0x00,0x02,0x02,0x02,0x02,0x02,0x0F,0x02,0x02,0x02,0
             -x02,0x02,0x00,/*"率",44*/
 104          
 105          0x10,0x11,0xF2,0x00,0x50,0xCF,0x41,0x41,0x4F,0xD0,0x10,0x00,0x00,0x00,0x07,0x02,0x08,0x08,0x05,0x02,0x05,0
             -x08,0x08,0x00,/*"设",45*/
 106          
 107          0xC0,0x5E,0x52,0x52,0x52,0xFF,0x52,0x52,0x52,0x5E,0xC0,0x00,0x07,0x02,0x02,0x02,0x02,0x0F,0x02,0x02,0x02,0
             -x02,0x07,0x00,/*"串",46*/
 108          
 109          0x00,0xFE,0x02,0x02,0x02,0x02,0x02,0x02,0x02,0xFE,0x00,0x00,0x00,0x07,0x02,0x02,0x02,0x02,0x02,0x02,0x02,0
             -x07,0x00,0x00,/*"口",47*/
 110          
 111          0x78,0x00,0xFF,0x08,0xC4,0x3F,0xC4,0x04,0xF4,0x44,0x24,0x00,0x00,0x00,0x0F,0x04,0x03,0x08,0x04,0x02,0x01,0
             -x06,0x08,0x00,/*"恢",48*/
 112          
 113          0x04,0x02,0x7D,0xD5,0x55,0x55,0x55,0x55,0x55,0x7D,0x01,0x00,0x00,0x0A,0x09,0x0B,0x05,0x05,0x05,0x05,0x0B,0
             -x09,0x08,0x00,/*"复",49*/
 114          
 115          0x80,0x1E,0x10,0x10,0x10,0xFF,0x10,0x10,0x10,0x1E,0x80,0x00,0x07,0x04,0x04,0x04,0x04,0x07,0x04,0x04,0x04,0
             -x04,0x0F,0x00,/*"出",50*/
 116          
 117          0x00,0xFE,0x02,0x02,0x02,0x02,0x02,0x02,0x02,0x02,0x02,0x00,0x08,0x07,0x00,0x00,0x00,0x00,0x00,0x00,0x00,0
             -x00,0x00,0x00,/*"厂",51*/
 118          
 119          0x40,0x40,0x5F,0x55,0x55,0xD5,0x55,0x55,0x5F,0x40,0x40,0x00,0x08,0x04,0x03,0x04,0x08,0x0F,0x09,0x09,0x09,0
             -x09,0x08,0x00,/*"是",52*/
 120          
 121          0x11,0x91,0x89,0x89,0x85,0xBF,0x81,0x85,0x85,0x89,0x11,0x00,0x00,0x0F,0x04,0x04,0x04,0x04,0x04,0x04,0x04,0
             -x0F,0x00,0x00,/*"否",53*/
 122          
 123          0x44,0x53,0x52,0x56,0x52,0x7C,0x53,0xD2,0x56,0x52,0x42,0x00,0x01,0x01,0x03,0x05,0x01,0x09,0x09,0x0F,0x01,0
             -x01,0x01,0x00,/*"等",54*/
C51 COMPILER V9.60.0.0   CHINESE_CODE                                                      09/22/2021 12:18:47 PAGE 4   

 124          
 125          }; 
 126          
 127          //纵向取模，字节倒叙 
 128          unsigned char code Ascii_table_5x8[95][5]={
 129          /*全体ASCII 列表:5x8点阵*/
 130          0x00,0x00,0x00,0x00,0x00,//- -   //space
 131          0x00,0x00,0x4f,0x00,0x00,//-!-
 132          0x00,0x07,0x00,0x07,0x00,//-"-
 133          0x14,0x7f,0x14,0x7f,0x14,//-#-
 134          0x24,0x2a,0x7f,0x2a,0x12,//-$-
 135          0x23,0x13,0x08,0x64,0x62,//-%-
 136          0x36,0x49,0x55,0x22,0x50,//-&-
 137          0x00,0x05,0x07,0x00,0x00,//-'-
 138          0x00,0x1c,0x22,0x41,0x00,//-(-
 139          0x00,0x41,0x22,0x1c,0x00,//-)-
 140          0x14,0x08,0x3e,0x08,0x14,//-*-
 141          0x08,0x08,0x3e,0x08,0x08,//-+-
 142          0x00,0x50,0x30,0x00,0x00,//-,-
 143          0x08,0x08,0x08,0x08,0x08,//---
 144          0x00,0x60,0x60,0x00,0x00,//-.-
 145          0x20,0x10,0x08,0x04,0x02,//-/-
 146          0x3e,0x51,0x49,0x45,0x3e,//-0-
 147          0x00,0x42,0x7f,0x40,0x00,//-1-
 148          0x42,0x61,0x51,0x49,0x46,//-2-
 149          0x21,0x41,0x45,0x4b,0x31,//-3-     
 150          0x18,0x14,0x12,0x7f,0x10,//-4-
 151          0x27,0x45,0x45,0x45,0x39,//-5-
 152          0x3c,0x4a,0x49,0x49,0x30,//-6-
 153          0x01,0x71,0x09,0x05,0x03,//-7-
 154          0x36,0x49,0x49,0x49,0x36,//-8-
 155          0x06,0x49,0x49,0x29,0x1e,//-9-
 156          0x00,0x36,0x36,0x00,0x00,//-:-
 157          0x00,0x56,0x36,0x00,0x00,//-;-
 158          0x08,0x14,0x22,0x41,0x00,//-<-
 159          0x14,0x14,0x14,0x14,0x14,//-=-
 160          0x00,0x41,0x22,0x14,0x08,//->-
 161          0x02,0x01,0x51,0x09,0x06,//-?-
 162          0x32,0x49,0x79,0x41,0x3e,//-@-
 163          0x7e,0x11,0x11,0x11,0x7e,//-A-
 164          0x7f,0x49,0x49,0x49,0x36,//-B-
 165          0x3e,0x41,0x41,0x41,0x22,//-C-
 166          0x7f,0x41,0x41,0x22,0x1c,//-D-
 167          0x7f,0x49,0x49,0x49,0x41,//-E-
 168          0x7f,0x09,0x09,0x09,0x01,//-F-
 169          0x3e,0x41,0x49,0x49,0x7a,//-G-
 170          0x7f,0x08,0x08,0x08,0x7f,//-H-
 171          0x00,0x41,0x7f,0x41,0x00,//-I-
 172          0x20,0x40,0x41,0x3f,0x01,//-J-
 173          0x7f,0x08,0x14,0x22,0x41,//-K-
 174          0x7f,0x40,0x40,0x40,0x40,//-L-
 175          0x7f,0x02,0x0c,0x02,0x7f,//-M-
 176          0x7f,0x04,0x08,0x10,0x7f,//-N-
 177          0x3e,0x41,0x41,0x41,0x3e,//-O-
 178          0x7f,0x09,0x09,0x09,0x06,//-P-
 179          0x3e,0x41,0x51,0x21,0x5e,//-Q-
 180          0x7f,0x09,0x19,0x29,0x46,//-R-
 181          0x46,0x49,0x49,0x49,0x31,//-S-
 182          0x01,0x01,0x7f,0x01,0x01,//-T-
 183          0x3f,0x40,0x40,0x40,0x3f,//-U-
 184          0x1f,0x20,0x40,0x20,0x1f,//-V-
 185          0x3f,0x40,0x38,0x40,0x3f,//-W-
C51 COMPILER V9.60.0.0   CHINESE_CODE                                                      09/22/2021 12:18:47 PAGE 5   

 186          0x63,0x14,0x08,0x14,0x63,//-X-
 187          0x07,0x08,0x70,0x08,0x07,//-Y-
 188          0x61,0x51,0x49,0x45,0x43,//-Z-
 189          0x00,0x7f,0x41,0x41,0x00,//-[-
 190          0x02,0x04,0x08,0x10,0x20,//-\-
 191          0x00,0x41,0x41,0x7f,0x00,//-]-
 192          0x04,0x02,0x01,0x02,0x04,//-^-
 193          0x40,0x40,0x40,0x40,0x40,//-_-
 194          0x01,0x02,0x04,0x00,0x00,//-`-
 195          0x20,0x54,0x54,0x54,0x78,//-a-
 196          0x7f,0x48,0x48,0x48,0x30,//-b-
 197          0x38,0x44,0x44,0x44,0x44,//-c-
 198          0x30,0x48,0x48,0x48,0x7f,//-d-
 199          0x38,0x54,0x54,0x54,0x58,//-e-
 200          0x00,0x08,0x7e,0x09,0x02,//-f-
 201          0x48,0x54,0x54,0x54,0x3c,//-g-
 202          0x7f,0x08,0x08,0x08,0x70,//-h-
 203          0x00,0x00,0x7a,0x00,0x00,//-i-
 204          0x20,0x40,0x40,0x3d,0x00,//-j-
 205          0x7f,0x20,0x28,0x44,0x00,//-k-
 206          0x00,0x41,0x7f,0x40,0x00,//-l-
 207          0x7c,0x04,0x38,0x04,0x7c,//-m-
 208          0x7c,0x08,0x04,0x04,0x78,//-n-
 209          0x38,0x44,0x44,0x44,0x38,//-o-
 210          0x7c,0x14,0x14,0x14,0x08,//-p-
 211          0x08,0x14,0x14,0x14,0x7c,//-q-
 212          0x7c,0x08,0x04,0x04,0x08,//-r-
 213          0x48,0x54,0x54,0x54,0x24,//-s-
 214          0x04,0x04,0x3f,0x44,0x24,//-t-
 215          0x3c,0x40,0x40,0x40,0x3c,//-u-
 216          0x1c,0x20,0x40,0x20,0x1c,//-v-
 217          0x3c,0x40,0x30,0x40,0x3c,//-w-
 218          0x44,0x28,0x10,0x28,0x44,//-x-
 219          0x04,0x48,0x30,0x08,0x04,//-y-
 220          0x44,0x64,0x54,0x4c,0x44,//-z-
 221          0x08,0x36,0x41,0x41,0x00,//-{-
 222          0x00,0x00,0x77,0x00,0x00,//-|-
 223          0x00,0x41,0x41,0x36,0x08,//-}-
 224          0x04,0x02,0x02,0x02,0x01,//-~-
 225          };
 226          
 227          //手指箭头图标  16*12
 228          unsigned char finger[]=
 229          {
 230                          0xF8,0xF8,0x10,0x10,0x08,0x04,0x04,0x02,0x4A,0xC9,0x4D,0x4A,0x48,0x48,0x68,0x30,0x03,0x03,0x01,0x01,0x01
             -,0x01,0x01,0x01,
 231                          0x01,0x00,0x00,0x00,0x00,0x00,0x00,0x00,/*"手指箭头",0*/
 232          };
 233          
 234          //圆点图标      16*12
 235          unsigned char dot[] = 
 236          {         
 237                          0x00,0x00,0x00,0x00,0xF0,0xF8,0xFC,0xFC,0xFC,0xFC,0xF8,0xF0,0x00,0x00,0x00,0x00,0x00,0x00,0x00,0x00,0x00
             -,0x01,0x03,0x03,
 238                          0x03,0x03,0x01,0x00,0x00,0x00,0x00,0x00,/*"圆点",0*/
 239          };
 240          
 241          //左小旗图标 5*8
 242          unsigned char Iconleft[] = 
 243          {
 244                          0x08,0x1C,0x3E,0x7F,0x00,/*"左小旗",0*/
 245          };
C51 COMPILER V9.60.0.0   CHINESE_CODE                                                      09/22/2021 12:18:47 PAGE 6   

 246          
 247          //右小旗图标 5*8
 248          unsigned char IconRight[] = 
 249          {
 250                          0x00,0x7F,0x3E,0x1C,0x08,/*"右小旗",0*/
 251          };
 252          
 253          unsigned char WhiteIcon[] = 
 254          {
 255                          0x00,0x00,0x00,0x00,0x00,0x00,0x00,0x00,0x00,0x00,0x00,0x00,0x00,0x00,0x00,0x00,0x00,0x00,0x00,0x00,0x00
             -,0x00,
 256                          0x00,0x00,0x00,0x00,0x00,0x00,0x00,0x00,0x00,0x00,0x00,0x00,0x00,0x00,0x00,0x00,0x00,0x00,0x00,0x00,0x00
             -,0x00,
 257                          0x00,0x00,0x00,0x00,0x00,0x00,0x00,0x00,0x00,0x00,0x00,0x00,0x00,0x00,0x00,0x00,0x00,0x00,0x00,0x00,0x00
             -,0x00,
 258                          0x00,0x00,0x00,0x00,0x00,0x00,0x00,0x00,0x00,0x00,0x00,0x00,0x00,0x00,0x00,0x00,0x00,0x00,0x00,0x00,0x00
             -,0x00,
 259                          0x00,0x00,0x00,0x00,0x00,0x00,0x00,0x00,0x00,0x00,0x00,0x00,0x00,0x00,0x00,0x00,0x00,0x00,0x00,0x00,0x00
             -,0x00,
 260                          0x00,0x00,0x00,0x00,0x00,0x00,0x00,0x00,0x00,0x00,0x00,0x00,0x00,0x00,0x00,0x00,0x00,0x00,0x00,0x00,0x00
             -,0x00,
 261          };
 262          
 263          unsigned char BlackIcon[] = 
 264          {
 265                          0xFF,0xFF,0xFF,0xFF,0xFF,0xFF,0xFF,0xFF,0xFF,0xFF,0xFF,0xFF,0xFF,0xFF,0xFF,0xFF,0xFF,0xFF,0xFF,0xFF,0xFF
             -,0xFF,
 266                          0xFF,0xFF,0xFF,0xFF,0xFF,0xFF,0xFF,0xFF,0xFF,0xFF,0xFF,0xFF,0xFF,0xFF,0xFF,0xFF,0xFF,0xFF,0xFF,0xFF,0xFF
             -,0xFF,
 267                          0xFF,0xFF,0xFF,0xFF,0xFF,0xFF,0xFF,0xFF,0xFF,0xFF,0xFF,0xFF,0xFF,0xFF,0xFF,0xFF,0xFF,0xFF,0xFF,0xFF,0xFF
             -,0xFF,
 268                          0xFF,0xFF,0xFF,0xFF,0xFF,0xFF,0xFF,0xFF,0xFF,0xFF,0xFF,0xFF,0xFF,0xFF,0xFF,0xFF,0xFF,0xFF,0xFF,0xFF,0xFF
             -,0xFF,
 269                          0xFF,0xFF,0xFF,0xFF,0xFF,0xFF,0xFF,0xFF,0xFF,0xFF,0xFF,0xFF,0xFF,0xFF,0xFF,0xFF,0xFF,0xFF,0xFF,0xFF,0xFF
             -,0xFF,
 270                          0xFF,0xFF,0xFF,0xFF,0xFF,0xFF,0xFF,0xFF,0xFF,0xFF,0xFF,0xFF,0xFF,0xFF,0xFF,0xFF,0xFF,0xFF,0xFF,0xFF,0xFF
             -,0xFF,
 271          };
 272          
 273          //公司Logo 81*50
 274          unsigned char Logo[] = 
 275          {
 276          0x00,0x00,0x00,0x00,0x00,0x00,0x00,0x00,0x00,0x00,0x00,0x00,0x00,0x00,0x00,0x00,0x00,0x00,0x00,0x00,0x00,0
             -x00,0x00,0x00,
 277          0x00,0x00,0x80,0x80,0xC0,0xC0,0xE0,0xE0,0xE0,0xF0,0xF0,0xF0,0xF8,0xF8,0xF8,0xF8,0xFC,0xFC,0xFC,0xFC,0xFC,0
             -xFC,0xFC,0xFE,
 278          0xFE,0xFE,0xFC,0xFC,0xFC,0xFC,0xFC,0xF8,0xF8,0xF8,0xF0,0xE0,0xC0,0x00,0x00,0x00,0x00,0x00,0x00,0x00,0x00,0
             -x00,0x00,0x00,
 279          0x00,0x00,0x00,0x00,0x00,0x00,0x00,0x00,0x00,0x00,0x00,0x00,0x00,0x00,0x00,0x00,0x00,0x00,0x00,0x00,0x80,0
             -x80,0xC0,0xE0,
 280          0xE0,0xF0,0xF0,0xF8,0xFC,0xFC,0xFC,0xFE,0xFE,0xFF,0xFF,0x7F,0x7F,0x7F,0x7F,0x7F,0x7F,0x3F,0x3F,0x3F,0x3F,0
             -x3F,0x3F,0x3F,
 281          0x3F,0x3F,0x3F,0x3F,0x1F,0x1F,0x3F,0x3F,0x3F,0x3F,0x3F,0x3F,0x3F,0x3F,0x7F,0x7F,0x7F,0xFF,0xFF,0xFF,0xFF,0
             -xFF,0xFF,0x3C,
 282          0x00,0x00,0x00,0x00,0x00,0x00,0x00,0x00,0x00,0x00,0x00,0x00,0x00,0x00,0x00,0x00,0x00,0x00,0x00,0x80,0x40,0
             -x20,0x20,0x30,
 283          0x18,0x18,0x0C,0x0E,0x0F,0x0F,0x07,0x07,0x07,0x03,0x03,0x03,0x01,0x01,0x01,0x01,0x00,0x00,0x00,0x00,0x80,0
             -xC0,0xE0,0xE0,
 284          0xF0,0xF0,0xF0,0xF8,0xF8,0xF8,0xF8,0xFC,0xFC,0xFC,0xFC,0xFC,0xFC,0xFC,0xFC,0xFC,0xFC,0xF8,0xF8,0xF8,0xF0,0
             -xF0,0xE0,0x00,
 285          0x00,0x00,0x00,0x00,0x01,0x07,0x1F,0x03,0x00,0x00,0x00,0x00,0x00,0x00,0x00,0x00,0x00,0x00,0x00,0x00,0x00,0
             -x00,0x00,0x00,
C51 COMPILER V9.60.0.0   CHINESE_CODE                                                      09/22/2021 12:18:47 PAGE 7   

 286          0x00,0x00,0x00,0x00,0x00,0x00,0x00,0x00,0x00,0x00,0x00,0x00,0x00,0x00,0x00,0x00,0x00,0x00,0x00,0x00,0x00,0
             -x00,0x80,0xE0,
 287          0xC0,0x00,0x00,0x04,0x3F,0x3F,0x3F,0x7F,0x7F,0xFF,0xFF,0xFF,0xFF,0xFF,0xFF,0xFF,0xFF,0xFF,0xFF,0xFF,0xFF,0
             -x7F,0x7F,0x7F,
 288          0x7F,0x3F,0x3F,0x3F,0x1F,0x0F,0x07,0x03,0x00,0x00,0x00,0x00,0x00,0x00,0x00,0x00,0x00,0x80,0x80,0x80,0x80,0
             -xC0,0xC0,0xC0,
 289          0xC0,0xE0,0xE0,0x70,0x30,0x30,0x18,0x0C,0x00,0x00,0x00,0x00,0x00,0x00,0x00,0x00,0x00,0x00,0x00,0x00,0x00,0
             -x00,0x00,0x00,
 290          0x00,0x00,0x00,0x00,0x00,0x00,0x00,0xFF,0xFF,0xFF,0xFF,0xFE,0xFE,0xFC,0xFC,0xFC,0xF8,0xF8,0xF8,0xF8,0xF8,0
             -xF8,0xF8,0xF8,
 291          0xF8,0xF8,0xF8,0xF8,0xF8,0xF8,0xF8,0xF8,0xF8,0xF8,0xF8,0xF8,0xFC,0xFC,0xFC,0xFC,0xFC,0xFC,0xFE,0xFE,0xFE,0
             -xFE,0xFF,0xFF,
 292          0x7F,0x3F,0x3F,0x1F,0x1F,0x0F,0x07,0x07,0x03,0x01,0x01,0x00,0x00,0x00,0x00,0x00,0x00,0x00,0x00,0x00,0x00,0
             -x00,0x00,0x00,
 293          0x00,0x00,0x00,0x00,0x00,0x00,0x00,0x00,0x00,0x00,0x00,0x00,0x00,0x00,0x00,0x00,0x01,0x07,0x0F,0x1F,0x3F,0
             -x3F,0x3F,0x7F,
 294          0x7F,0x7F,0x7F,0x7F,0x7F,0x7F,0x7F,0x7F,0x7F,0x7F,0x7F,0x7F,0x7F,0x7F,0x3F,0x3F,0x3F,0x3F,0x1F,0x1F,0x1F,0
             -x0F,0x0F,0x07,
 295          0x07,0x07,0x03,0x03,0x01,0x01,0x00,0x00,0x00,0x00,0x00,0x00,0x00,0x00,0x00,0x00,0x00,0x00,0x00,0x00,0x00,0
             -x00,0x00,0x00,
 296          0x00,0x00,0x00,0x00,0x00,0x00,0x00,0x00,0x00,0x00,0x00,0x00,0x00,0x00,0x00,0x00,0x00,0x00,0x00,0x00,0x00,0
             -x00,0x00,0x00,
 297          0x00,0x00,0x00,0x00,0x00,0x00,0x00,0x00,0x00,0x00,0x00,0x00,0x00,0x00,0x00,0x00,0x00,0x00,0x00,0x00,0x00,0
             -x00,0x00,0x00,
 298          0x00,0x00,0x00,0x00,0x00,0x00,0x00,0x00,0x00,0x00,0x00,0x00,0x00,0x00,0x00,0x00,0x00,0x00,0x00,0x00,0x00,0
             -x00,0x00,0x00,
 299          0x00,0x00,0x00,0x00,0x00,0x00,0x00,0x00,0x00,0x00,0x00,0x00,0x00,0x00,0x00,/*"C:\Users\Administrator\Deskt
             -op\logologo.bmp",0*/
 300          };
 301          
 302          
 303          //100*56
 304          unsigned char PlcRun[] =
 305          {
 306          0x00,0x00,0x00,0xC0,0xC0,0xC0,0xC0,0xC0,0xC0,0xC0,0xC0,0xC0,0xC0,0xC0,0xC0,0xC0,0xC0,0xC0,0xC0,0xC0,0xC0,0
             -xC0,0xC0,0xC0,
 307          0xC0,0xC0,0xC0,0xC0,0xC0,0xC0,0xC0,0xC0,0xC0,0xC0,0xC0,0xC0,0xC0,0xC0,0xC0,0xC0,0xC0,0xC0,0xC0,0xC0,0xC0,0
             -xC0,0xC0,0xC0,
 308          0xC0,0xC0,0xC0,0xC0,0xC0,0xC0,0xC0,0xC0,0xC0,0xC0,0xC0,0xC0,0xC0,0xC0,0xC0,0xC0,0xC0,0xC0,0xC0,0xC0,0xC0,0
             -xC0,0xC0,0xC0,
 309          0xC0,0xC0,0xC0,0xC0,0xC0,0xC0,0xC0,0xC0,0xC0,0xC0,0xC0,0xC0,0xC0,0xC0,0xC0,0xC0,0xC0,0xC0,0xC0,0xC0,0xC0,0
             -xC0,0xC0,0xC0,
 310          0xC0,0x00,0x00,0x00,0x00,0x00,0x00,0xFF,0xFF,0x00,0x00,0x00,0x00,0x80,0x80,0x80,0xC0,0xC0,0xE0,0xE0,0xE0,0
             -xE0,0x20,0x20,
 311          0x60,0x60,0x60,0x60,0x60,0x60,0x60,0x60,0x60,0x60,0x60,0x60,0x60,0x60,0x60,0x60,0x60,0x60,0x60,0xC0,0xC0,0
             -xC0,0xC0,0xC0,
 312          0xC0,0xC0,0xC0,0xC0,0xC0,0xC0,0xC0,0xC0,0xC0,0xC0,0xC0,0xC0,0xC0,0xC0,0xC0,0xC0,0xC0,0xC0,0xC0,0xC0,0xC0,0
             -xC0,0xC0,0xC0,
 313          0xC0,0xC0,0xC0,0xC0,0xC0,0xC0,0xC0,0xC0,0xC0,0xC0,0xC0,0xC0,0xC0,0xC0,0xC0,0xC0,0xC0,0xC0,0xC0,0xC0,0xC0,0
             -xC0,0xC0,0xC0,
 314          0x00,0x00,0x00,0xFF,0xFF,0x00,0x00,0x00,0x00,0x00,0x00,0xFF,0xFF,0x00,0x00,0x00,0xFF,0xFF,0xFF,0xFF,0xFF,0
             -xFF,0xFF,0xFF,
 315          0xFF,0xFF,0x00,0x00,0x00,0x00,0x00,0x00,0x00,0x00,0x00,0x00,0x00,0x00,0x00,0x00,0x00,0x00,0x00,0x00,0x00,0
             -x00,0x00,0x00,
 316          0x00,0x00,0x00,0x00,0x00,0x00,0x00,0x00,0x00,0x00,0x00,0x00,0x00,0x00,0x00,0x00,0x00,0x00,0x00,0x00,0x00,0
             -x00,0x00,0x00,
 317          0x00,0x00,0x00,0x00,0x00,0x00,0x00,0x00,0x00,0x00,0x00,0x00,0x00,0x00,0x00,0x00,0x00,0x00,0x00,0x00,0x00,0
             -x00,0x00,0x00,
 318          0x00,0x00,0xFF,0xFF,0x00,0x00,0x00,0xFF,0xFF,0x00,0x00,0x00,0x00,0x00,0x00,0xFF,0xFF,0x00,0x00,0x00,0xFF,0
             -xFF,0xFF,0xFF,
 319          0xFF,0xFF,0xFF,0xFF,0xFF,0xFF,0x00,0x00,0x00,0x00,0x7E,0xE6,0xC3,0x83,0x83,0xC3,0xEE,0x7C,0x00,0x00,0x00,0
             -x00,0x00,0x00,
C51 COMPILER V9.60.0.0   CHINESE_CODE                                                      09/22/2021 12:18:47 PAGE 8   

 320          0x00,0x00,0x00,0x00,0x00,0x00,0x00,0x00,0x00,0x00,0x00,0x00,0x00,0x00,0x00,0x00,0x00,0x00,0x00,0x00,0x00,0
             -x00,0x00,0x00,
 321          0x00,0x00,0x00,0x00,0x00,0x00,0x00,0x00,0x00,0x00,0x00,0x00,0x18,0x18,0x18,0x18,0x18,0x18,0x18,0x18,0x18,0
             -x18,0x18,0x18,
 322          0x18,0x00,0x00,0x00,0x00,0x00,0xFF,0xFF,0x00,0x00,0x00,0xFF,0xFF,0x00,0x00,0x00,0x00,0x00,0x00,0xFF,0xFF,0
             -x00,0x00,0x00,
 323          0xFF,0xFF,0xFF,0xFF,0xFF,0xFF,0xFF,0xFF,0xFF,0xFF,0x00,0x00,0x00,0x00,0x00,0x00,0x00,0x01,0x01,0x00,0x00,0
             -x00,0x00,0x00,
 324          0x00,0x00,0x00,0x00,0x00,0x00,0x00,0x00,0x00,0x00,0x00,0x00,0x00,0x00,0x00,0x00,0x00,0x00,0x00,0x00,0x00,0
             -x00,0x00,0x00,
 325          0x00,0x00,0x00,0x00,0x00,0x00,0x00,0x00,0x00,0x00,0x00,0x00,0x00,0x00,0x00,0x00,0x00,0x00,0x00,0x00,0x00,0
             -x00,0x00,0x00,
 326          0x00,0x00,0x00,0x00,0x00,0x00,0x00,0x00,0x00,0x00,0xFF,0xFF,0x00,0x00,0x00,0xFF,0xFF,0x00,0x00,0x00,0x00,0
             -x00,0x00,0xFF,
 327          0xFF,0x00,0x00,0x00,0x00,0x00,0x01,0x01,0x03,0x03,0x07,0x07,0x0F,0x0F,0x0C,0x0C,0x0C,0x0C,0x0C,0x0C,0x0C,0
             -x0C,0x06,0x06,
 328          0x06,0x06,0x06,0x06,0x06,0x06,0x06,0x06,0x06,0x06,0x06,0x06,0x06,0x06,0x06,0x06,0x06,0x06,0x06,0x06,0x06,0
             -x06,0x06,0x06,
 329          0x02,0x02,0x02,0x02,0x02,0x02,0x02,0x02,0x02,0x02,0x02,0x02,0x02,0x02,0x02,0x02,0x02,0x02,0x02,0x02,0x02,0
             -x02,0x02,0x02,
 330          0x02,0x02,0x02,0x02,0x02,0x02,0x02,0x02,0x02,0x02,0x02,0x02,0x02,0x02,0x03,0x03,0x00,0x00,0x00,0xFF,0xFF,0
             -x00,0x00,0x00,
 331          0x00,0x00,0x00,0x07,0x07,0x06,0x06,0x06,0x06,0x06,0x06,0x06,0x06,0x06,0x06,0x06,0x06,0x06,0x06,0x06,0x06,0
             -x06,0x06,0x06,
 332          0x06,0x06,0x06,0x06,0x06,0x06,0x06,0x06,0x06,0x06,0x06,0x06,0x06,0x06,0x06,0x06,0x06,0x06,0x06,0x06,0x06,0
             -x06,0x06,0x06,
 333          0x06,0x06,0x06,0x06,0x06,0x06,0x06,0x06,0x06,0x06,0x06,0x06,0x06,0x06,0x06,0x06,0x06,0x06,0x06,0x06,0x06,0
             -x06,0x06,0x06,
 334          0x06,0x06,0x06,0x06,0x06,0x06,0x06,0x06,0x06,0x06,0x06,0x06,0x06,0x06,0x06,0x06,0x06,0x06,0x06,0x06,0x06,0
             -x06,0x06,0x07,
 335          0x07,0x00,0x00,0x00,0x00,0x00,0x00,0x00,0x00,0x00,0x00,0x00,0x00,0x00,0x00,0x00,0x00,0x00,0x00,0x00,0x00,0
             -x00,0x00,0x00,
 336          0x00,0x00,0x00,0x00,0x00,0x00,0x00,0x00,0x00,0x00,0x00,0x00,0x00,0x00,0x00,0x00,0x00,0x00,0x00,0x00,0x00,0
             -x00,0x00,0x00,
 337          0x00,0x00,0x00,0x00,0x00,0x00,0x00,0x00,0x00,0x00,0x00,0x00,0x00,0x00,0x00,0x00,0x00,0x00,0x00,0x00,0x00,0
             -x00,0x00,0x00,
 338          0x00,0x00,0x00,0x00,0x00,0x00,0x00,0x00,0x00,0x00,0x00,0x00,0x00,0x00,0x00,0x00,0x00,0x00,0x00,0x00,0x00,0
             -x00,0x00,0x00,
 339          0x00,0x00,0x00,0x00,0x00,0x00,0x00,0x00,/*"C:\Users\Administrator\Desktop\???.bmp",0*/
 340          };
 341          
 342          unsigned char PlcStop[] = 
 343          {
 344                  0x00,0x00,0x00,0xC0,0xC0,0xC0,0xC0,0xC0,0xC0,0xC0,0xC0,0xC0,0xC0,0xC0,0xC0,0xC0,0xC0,0xC0,0xC0,0xC0,0xC0,
             -0xC0,0xC0,0xC0,
 345          0xC0,0xC0,0xC0,0xC0,0xC0,0xC0,0xC0,0xC0,0xC0,0xC0,0xC0,0xC0,0xC0,0xC0,0xC0,0xC0,0xC0,0xC0,0xC0,0xC0,0xC0,0
             -xC0,0xC0,0xC0,
 346          0xC0,0xC0,0xC0,0xC0,0xC0,0xC0,0xC0,0xC0,0xC0,0xC0,0xC0,0xC0,0xC0,0xC0,0xC0,0xC0,0xC0,0xC0,0xC0,0xC0,0xC0,0
             -xC0,0xC0,0xC0,
 347          0xC0,0xC0,0xC0,0xC0,0xC0,0xC0,0xC0,0xC0,0xC0,0xC0,0xC0,0xC0,0xC0,0xC0,0xC0,0xC0,0xC0,0xC0,0xC0,0xC0,0xC0,0
             -xC0,0xC0,0xC0,
 348          0xC0,0x00,0x00,0x00,0x00,0x00,0x00,0xFF,0xFF,0x00,0x00,0x00,0xC0,0xC0,0x40,0x40,0x40,0x40,0x40,0x40,0x40,0
             -x40,0x40,0x40,
 349          0x40,0x40,0x40,0x40,0x40,0x40,0x40,0x40,0x40,0x40,0x40,0x40,0x40,0x40,0x40,0x40,0x40,0x40,0x40,0x40,0x40,0
             -x40,0x40,0x40,
 350          0x40,0x40,0x40,0x40,0x40,0x40,0x40,0x40,0x40,0x40,0x40,0x40,0x40,0x40,0x40,0x40,0x40,0x40,0x40,0x40,0x40,0
             -x60,0x60,0x60,
 351          0x60,0x60,0x60,0x60,0x60,0xE0,0xE0,0xE0,0xE0,0xE0,0xE0,0xE0,0xE0,0x60,0x60,0xE0,0xC0,0xC0,0xC0,0xC0,0x80,0
             -x80,0x00,0x00,
 352          0x00,0x00,0x00,0xFF,0xFF,0x00,0x00,0x00,0x00,0x00,0x00,0xFF,0xFF,0x00,0x00,0x00,0xFF,0xFF,0x00,0x00,0x00,0
             -x00,0x00,0x00,
 353          0x00,0x80,0x80,0x80,0x80,0x00,0x00,0x00,0x00,0x00,0x00,0x00,0x00,0x00,0x00,0x00,0x00,0x00,0x00,0x00,0x00,0
C51 COMPILER V9.60.0.0   CHINESE_CODE                                                      09/22/2021 12:18:47 PAGE 9   

             -x00,0x00,0x00,
 354          0x00,0x00,0x00,0x00,0x00,0x00,0x00,0x00,0x00,0x00,0x00,0x00,0x00,0x00,0x00,0x00,0x00,0x00,0x00,0x00,0x00,0
             -x00,0x00,0x00,
 355          0x00,0x00,0x00,0x00,0x00,0x00,0x00,0x00,0x00,0x00,0x00,0x00,0x00,0x00,0x00,0x00,0x00,0x00,0x00,0xFF,0xFF,0
             -xFF,0xFF,0xFF,
 356          0xFF,0xFF,0xFF,0xFC,0x00,0x00,0x00,0xFF,0xFF,0x00,0x00,0x00,0x00,0x00,0x00,0xFF,0xFF,0x00,0x00,0x00,0xFF,0
             -xFF,0x00,0x00,
 357          0x00,0x00,0x00,0x3F,0x71,0x61,0xC1,0xC1,0x61,0x77,0x3E,0x00,0x00,0x00,0x00,0x00,0x00,0x00,0x00,0x00,0x00,0
             -x00,0x00,0x00,
 358          0x00,0x00,0x00,0x00,0x00,0x00,0x00,0x00,0x00,0x00,0x00,0x00,0x00,0x00,0x00,0x00,0x00,0x00,0x00,0x00,0x00,0
             -x00,0x00,0x00,
 359          0x00,0x00,0x00,0x00,0x00,0x00,0x00,0x00,0x00,0x00,0x18,0x18,0x18,0x18,0x18,0x18,0x18,0x18,0x18,0x18,0x00,0
             -x00,0x00,0xFF,
 360          0xFF,0xFF,0xFF,0xFF,0xFF,0xFF,0xFF,0xFF,0x00,0x00,0x00,0xFF,0xFF,0x00,0x00,0x00,0x00,0x00,0x00,0xFF,0xFF,0
             -x00,0x00,0x00,
 361          0xFF,0xFF,0x00,0x00,0x00,0x00,0x00,0x00,0x00,0x00,0x00,0x00,0x00,0x00,0x00,0x00,0x00,0x00,0x00,0x00,0x00,0
             -x00,0x00,0x00,
 362          0x00,0x00,0x00,0x00,0x00,0x00,0x00,0x00,0x00,0x00,0x00,0x00,0x00,0x00,0x00,0x00,0x00,0x00,0x00,0x00,0x00,0
             -x00,0x00,0x00,
 363          0x00,0x00,0x00,0x00,0x00,0x00,0x00,0x00,0x00,0x00,0x00,0x00,0x00,0x00,0x00,0x00,0x00,0x00,0x00,0x00,0x00,0
             -x00,0x00,0x00,
 364          0x00,0x00,0x00,0xFF,0xFF,0xFF,0xFF,0xFF,0xFF,0xFF,0x7F,0x3F,0x00,0x00,0x00,0xFF,0xFF,0x00,0x00,0x00,0x00,0
             -x00,0x00,0xFF,
 365          0xFF,0x00,0x00,0x00,0x03,0x03,0x02,0x02,0x02,0x02,0x02,0x02,0x02,0x02,0x02,0x02,0x02,0x02,0x02,0x02,0x02,0
             -x02,0x02,0x02,
 366          0x02,0x02,0x02,0x02,0x02,0x02,0x02,0x02,0x02,0x02,0x02,0x02,0x02,0x02,0x02,0x02,0x02,0x02,0x02,0x02,0x02,0
             -x02,0x02,0x02,
 367          0x02,0x02,0x02,0x02,0x02,0x02,0x02,0x02,0x02,0x02,0x02,0x02,0x02,0x02,0x02,0x02,0x02,0x06,0x06,0x06,0x06,0
             -x06,0x06,0x06,
 368          0x0E,0x0E,0x0E,0x0E,0x0E,0x0E,0x0E,0x0F,0x0F,0x0F,0x07,0x03,0x01,0x00,0x00,0x00,0x00,0x00,0x00,0xFF,0xFF,0
             -x00,0x00,0x00,
 369          0x00,0x00,0x00,0x07,0x07,0x06,0x06,0x06,0x06,0x06,0x06,0x06,0x06,0x06,0x06,0x06,0x06,0x06,0x06,0x06,0x06,0
             -x06,0x06,0x06,
 370          0x06,0x06,0x06,0x06,0x06,0x06,0x06,0x06,0x06,0x06,0x06,0x06,0x06,0x06,0x06,0x06,0x06,0x06,0x06,0x06,0x06,0
             -x06,0x06,0x06,
 371          0x06,0x06,0x06,0x06,0x06,0x06,0x06,0x06,0x06,0x06,0x06,0x06,0x06,0x06,0x06,0x06,0x06,0x06,0x06,0x06,0x06,0
             -x06,0x06,0x06,
 372          0x06,0x06,0x06,0x06,0x06,0x06,0x06,0x06,0x06,0x06,0x06,0x06,0x06,0x06,0x06,0x06,0x06,0x06,0x06,0x06,0x06,0
             -x06,0x06,0x07,
 373          0x07,0x00,0x00,0x00,0x00,0x00,0x00,0x00,0x00,0x00,0x00,0x00,0x00,0x00,0x00,0x00,0x00,0x00,0x00,0x00,0x00,0
             -x00,0x00,0x00,
 374          0x00,0x00,0x00,0x00,0x00,0x00,0x00,0x00,0x00,0x00,0x00,0x00,0x00,0x00,0x00,0x00,0x00,0x00,0x00,0x00,0x00,0
             -x00,0x00,0x00,
 375          0x00,0x00,0x00,0x00,0x00,0x00,0x00,0x00,0x00,0x00,0x00,0x00,0x00,0x00,0x00,0x00,0x00,0x00,0x00,0x00,0x00,0
             -x00,0x00,0x00,
 376          0x00,0x00,0x00,0x00,0x00,0x00,0x00,0x00,0x00,0x00,0x00,0x00,0x00,0x00,0x00,0x00,0x00,0x00,0x00,0x00,0x00,0
             -x00,0x00,0x00,
 377          0x00,0x00,0x00,0x00,0x00,0x00,0x00,0x00,/*"C:\Users\Administrator\Desktop\???.bmp",0*/
 378          
 379          };
 380          
 381          /*南方电网logo*/
 382          const unsigned char PowerGrid_Image[] = { /* 0X00,0X01,0X80,0X00,0X20,0X00, */
 383          0x80,0x80,0x80,0x80,0x80,0x80,0x80,0x80,0x80,0x80,0x80,0x80,0x80,0x00,0x00,0x00,
 384          0x00,0x00,0x00,0x00,0x00,0x00,0x00,0x00,0x00,0x00,0xFF,0xFF,0xFF,0xFF,0xFF,0x00,
 385          0x00,0x00,0x00,0x00,0x00,0x00,0x00,0x00,0x00,0x00,0x00,0x00,0x00,0x00,0x00,0x00,
 386          0x00,0x00,0x00,0x00,0x00,0x00,0x00,0x00,0x00,0x00,0x00,0x00,0x00,0x00,0x00,0x00,
 387          0x00,0x00,0x00,0x00,0x00,0x00,0x00,0x00,0x00,0x00,0x00,0x00,0x00,0x00,0x00,0x00,
 388          0x00,0x00,0x00,0x00,0x00,0x00,0x00,0x00,0x00,0x00,0x00,0x00,0x00,0x00,0x00,0x00,
 389          0x00,0x00,0x00,0x00,0x00,0x00,0x00,0x00,0x00,0x00,0x00,0x00,0x00,0x00,0x00,0x00,
 390          0x00,0x00,0x00,0x00,0x00,0x00,0x00,0x00,0x00,0x00,0x00,0x00,0x00,0x00,0x00,0x00,
 391          0x00,0x00,0x00,0x00,0x00,0x00,0x00,0x00,0x00,0x00,0x00,0x00,0x00,0x00,0x00,0x00,
C51 COMPILER V9.60.0.0   CHINESE_CODE                                                      09/22/2021 12:18:47 PAGE 10  

 392          0x00,0x00,0x00,0x00,0x00,0x00,0x00,0x00,0x00,0x00,0x00,0x00,0x00,0x00,0x00,0x00,
 393          0x00,0x00,0x00,0x00,0x00,0x00,0x00,0x00,0x00,0x00,0x00,0x00,0x00,0x00,0x00,0x00,
 394          0x00,0x00,0x00,0x00,0x00,0x00,0x00,0x00,0x00,0x00,0x00,0x00,0x00,0x00,0x00,0x00,
 395          0x7F,0x7F,0x7F,0x7F,0x7F,0x7F,0x7F,0x7F,0x7F,0x7F,0x7F,0x7F,0x7F,0xFF,0xFF,0xFF,
 396          0xFF,0xFF,0xFE,0xFE,0xFE,0xFC,0xFC,0xF8,0xF8,0xF8,0xFF,0xFF,0xFF,0xFF,0xFF,0x00,
 397          0x00,0x00,0x00,0x00,0x00,0x00,0x00,0x00,0x00,0x00,0x00,0x00,0x00,0x00,0x00,0x00,
 398          0x00,0x00,0x00,0x00,0x00,0x00,0x00,0x00,0x00,0x00,0x00,0x00,0x00,0x00,0x00,0xC0,
 399          0xC0,0xC0,0x00,0x00,0x00,0x00,0x00,0x00,0x00,0x00,0x00,0x00,0x00,0x00,0x00,0x00,
 400          0x00,0x00,0x00,0x00,0x00,0x00,0x00,0x00,0x00,0x00,0x00,0x00,0x00,0x00,0x00,0x00,
 401          0x00,0x00,0x00,0x00,0x00,0x00,0x00,0x00,0x00,0x00,0x00,0x00,0x00,0x00,0xC0,0xC0,
 402          0xC0,0x00,0x00,0x00,0x00,0x00,0x00,0x00,0x00,0x00,0x00,0x00,0x00,0x00,0x00,0x00,
 403          0x00,0x00,0x00,0x00,0x00,0x00,0xC0,0xC0,0xC0,0x00,0x00,0x00,0x00,0x00,0x00,0x00,
 404          0x00,0x00,0x00,0x00,0x00,0x00,0x00,0x00,0x00,0x00,0x00,0x00,0x00,0xC0,0xC0,0xC0,
 405          0x00,0x00,0x00,0x00,0x00,0x00,0x00,0x00,0x00,0x00,0x00,0x00,0x00,0x00,0x00,0x00,
 406          0x00,0x00,0x00,0x00,0x00,0x00,0x00,0x00,0x00,0x00,0x00,0x00,0x00,0x00,0x00,0x00,
 407          0xF0,0xF0,0xF0,0xF0,0xF0,0xF0,0xF0,0xF0,0xF0,0xF0,0xF0,0xE0,0xE0,0xE0,0xE0,0xE0,
 408          0xE0,0xE0,0xC1,0xC1,0x81,0x83,0x83,0x07,0x07,0x1F,0xFF,0xFF,0xFF,0xFF,0xFF,0xFF,
 409          0xFF,0xFF,0xFF,0xFF,0xFF,0xFF,0xFF,0xFF,0xFF,0xFF,0xFF,0xFF,0xFF,0x00,0x00,0x00,
 410          0x00,0x00,0x00,0x00,0x00,0x00,0x00,0xE0,0xE0,0xE0,0xE0,0xE0,0xE0,0xE0,0xE0,0xFF,
 411          0xFF,0xFF,0xE0,0xE0,0xE0,0xE0,0xE0,0xE0,0xE0,0xE0,0x00,0x00,0x00,0x00,0xFF,0xFF,
 412          0xFF,0x07,0xC7,0xC7,0xC7,0xC7,0xC7,0xC7,0xC7,0xC7,0xC7,0xC7,0xC7,0xC7,0x07,0xFF,
 413          0xFF,0xFF,0x00,0x00,0x00,0x3C,0x3C,0x3C,0x3C,0x3C,0x3C,0x3C,0x3C,0x3C,0xFF,0xFF,
 414          0xFF,0x3C,0x3C,0x3C,0x3C,0x3C,0x3C,0x3C,0x3C,0x3C,0x00,0x00,0x00,0xF0,0xF0,0xF0,
 415          0xF0,0xF0,0xF0,0xF0,0xF0,0xF0,0xFF,0xFF,0xFF,0xF0,0xF0,0xF0,0xF0,0xF0,0xF0,0xF0,
 416          0xF0,0xF0,0x00,0x00,0x00,0x00,0xF8,0xF8,0x78,0x78,0x78,0x78,0x78,0xFF,0xFF,0xFF,
 417          0x78,0x78,0x78,0x78,0xF8,0xF8,0xF8,0x00,0x00,0x00,0x00,0x00,0x00,0xFF,0xFF,0xFF,
 418          0x1F,0x1F,0x1F,0xDF,0xDF,0xDF,0x1F,0x1F,0x1F,0xDF,0xDF,0xDF,0x1F,0xFF,0xFF,0xFF,
 419          0x0F,0x0F,0x0F,0x0F,0x0F,0x0F,0x0F,0x0F,0x0F,0x0F,0x0F,0x1F,0x1F,0x1F,0x1F,0x1F,
 420          0x1F,0x3F,0x3F,0x3F,0x3F,0x7F,0x7F,0xFF,0xFF,0xFE,0xFF,0xFF,0xFF,0xFF,0xFF,0xE0,
 421          0xE0,0xE0,0xE0,0xE0,0xE0,0xE0,0xE0,0xE0,0xE0,0xE0,0xE0,0xE0,0xE0,0x00,0x00,0x00,
 422          0x00,0x00,0x00,0x00,0x00,0x00,0x00,0xFF,0xFF,0xFF,0x03,0x03,0x03,0x03,0x03,0xFF,
 423          0xFF,0xFF,0x03,0x03,0x03,0x03,0x03,0xFF,0xFF,0xFF,0x00,0x00,0x00,0x00,0xFF,0xFF,
 424          0xFF,0x00,0x03,0xE3,0xE3,0xE3,0xE3,0xFF,0xFF,0xFF,0xE3,0xE3,0xE3,0xE3,0x00,0xFF,
 425          0xFF,0xFF,0x00,0x00,0x00,0x00,0xFE,0xFE,0xFE,0x1E,0x1E,0x1E,0xFE,0xFE,0xFF,0x1F,
 426          0x1F,0xFE,0xFE,0xFE,0x1E,0x1E,0xFE,0xFE,0xFE,0x00,0x00,0x00,0x00,0x00,0x00,0x00,
 427          0x00,0x00,0x00,0x00,0xFF,0xFF,0xFF,0xFF,0xE0,0xE0,0xE0,0xE0,0xE0,0xE0,0xE0,0x00,
 428          0x00,0x00,0x00,0x00,0x00,0x00,0xFF,0xFF,0x78,0x78,0x78,0x78,0x78,0xFF,0xFF,0xFF,
 429          0x78,0x78,0x78,0x78,0xFF,0xFF,0xFF,0x00,0x00,0x00,0x00,0x00,0x00,0xFF,0xFF,0xFF,
 430          0x0E,0x1E,0xFE,0xFF,0xFF,0x1F,0x0C,0x3C,0xFC,0xFF,0xFF,0x07,0x00,0xFF,0xFF,0xFF,
 431          0xFE,0xFE,0xFE,0xFE,0xFE,0xFE,0xFE,0xFC,0xFC,0xFC,0xFC,0xFC,0xFC,0xFC,0xFC,0xFC,
 432          0xF8,0xF8,0xF8,0xF8,0xF0,0xF0,0xE0,0xE0,0xC0,0xC3,0xFF,0xFF,0xFF,0xFF,0xFF,0x1F,
 433          0x1F,0x1F,0x1F,0x1F,0x1F,0x1F,0x1F,0x1F,0x1F,0x1F,0x1F,0x1F,0x1F,0x00,0x00,0x00,
 434          0x00,0x00,0x00,0x00,0x00,0x00,0x00,0x1F,0x1F,0x1F,0x1F,0x1F,0x1F,0x1F,0x1F,0xFF,
 435          0xFF,0xFF,0x1F,0x1F,0x1F,0x1F,0x1F,0x1F,0x1F,0x1F,0x00,0x00,0x00,0x00,0xFF,0xFF,
 436          0xFF,0xC0,0xC0,0xC1,0xC1,0xC1,0xC1,0xFF,0xFF,0xFF,0xC1,0xF9,0xF9,0xF9,0xC0,0xFF,
 437          0xFF,0xFF,0x00,0x00,0x00,0x00,0xFF,0xFF,0xFF,0x00,0xCF,0xCF,0xCF,0xCF,0xFF,0xFF,
 438          0xFF,0xFF,0xCF,0xCF,0xCF,0x00,0xFF,0xFF,0xFF,0x00,0x00,0x00,0x00,0x00,0x00,0x00,
 439          0x00,0x00,0xC0,0xF8,0xFF,0xFF,0x0F,0x01,0x01,0x01,0x01,0x01,0xFF,0xFF,0xFF,0x00,
 440          0x00,0x00,0x00,0x00,0x00,0x00,0x7F,0x7F,0x78,0x78,0x78,0x78,0x78,0xFF,0xFF,0xFF,
 441          0x78,0x78,0x78,0x78,0x7F,0x7F,0x7F,0x00,0x00,0x00,0x00,0x00,0x00,0xFF,0xFF,0xFF,
 442          0xF0,0xF8,0xFF,0x3F,0x3F,0x3F,0xF8,0xF8,0xFF,0x3F,0x7F,0xFE,0xF0,0xFF,0xFF,0xFF,
 443          0x01,0x01,0x01,0x01,0x01,0x01,0x01,0x01,0x01,0x01,0x01,0x03,0x03,0x03,0x03,0x03,
 444          0x07,0x07,0x07,0x07,0x0F,0x0F,0x1F,0x1F,0x3F,0x7F,0xFF,0xFF,0xFF,0xFF,0xFF,0xF8,
 445          0xF8,0xF8,0xF8,0xF8,0xF8,0xF8,0xF8,0xF8,0xF8,0xF8,0xF8,0xF8,0xF8,0x00,0x00,0x00,
 446          0x00,0x00,0x00,0x00,0x00,0x00,0x00,0x00,0x00,0x00,0x00,0x00,0x00,0x00,0x00,0xFF,
 447          0xFF,0xFF,0x00,0x00,0x00,0x00,0x00,0x00,0x00,0x00,0x00,0x00,0x00,0x00,0xFF,0xFF,
 448          0xFF,0xF1,0xF1,0xF1,0xF1,0xF1,0xF1,0xF1,0xF1,0xF1,0xF1,0xF1,0xF1,0xF1,0xF1,0xFF,
 449          0xFF,0xFF,0x00,0x00,0x00,0x00,0xFF,0xFF,0xFF,0x00,0x03,0x03,0x03,0x03,0xFF,0xFF,
 450          0xFF,0x03,0x03,0x03,0xF3,0xF0,0xFF,0xFF,0x7F,0x00,0x00,0x00,0x00,0x00,0xF8,0xF8,
 451          0xFC,0x3F,0x1F,0x0F,0x03,0x00,0x00,0x00,0x70,0x70,0x70,0x70,0x7F,0x7F,0x7F,0x00,
 452          0x00,0x00,0x00,0x00,0x00,0x00,0x00,0x00,0x00,0x00,0x00,0x00,0x00,0xFF,0xFF,0xFF,
 453          0xE0,0xE0,0xE0,0xE0,0xE0,0xE0,0xFC,0xFC,0xFC,0x00,0x00,0x00,0x00,0xFF,0xFF,0xFF,
C51 COMPILER V9.60.0.0   CHINESE_CODE                                                      09/22/2021 12:18:47 PAGE 11  

 454          0x00,0x00,0x00,0x00,0x00,0x00,0x07,0x07,0x07,0x00,0x00,0xF0,0xF0,0xFF,0xFF,0xFF,
 455          0x00,0x00,0x00,0x00,0x00,0x00,0x00,0x00,0x00,0x00,0x00,0x00,0x00,0x00,0x00,0x00,
 456          0x00,0x00,0x00,0x00,0x00,0x00,0x00,0x00,0x00,0x00,0xFF,0xFF,0xFF,0xFF,0xFF,0x07,
 457          0x07,0x07,0x07,0x07,0x07,0x07,0x07,0x07,0x07,0x07,0x07,0x07,0x07,0x00,0x00,0x00,
 458          0x00,0x00,0x00,0x00,0x00,0x00,0x00,0x00,0x80,0xC0,0xC0,0x80,0x00,0x00,0x80,0x01,
 459          0x01,0x81,0x00,0x00,0x80,0x00,0x80,0x80,0x00,0x00,0x80,0x00,0x00,0x00,0x80,0x80,
 460          0x00,0x00,0x00,0x00,0x00,0x00,0xC0,0xC0,0xC0,0x00,0x00,0x00,0x80,0xC0,0xC0,0x80,
 461          0x00,0x00,0xC0,0x00,0x00,0xC0,0xC0,0x00,0xC0,0xC0,0xC0,0xC0,0x00,0x80,0x80,0x00,
 462          0x00,0x80,0x00,0x00,0xC1,0xC1,0xC1,0xC0,0x00,0x00,0xC0,0xC0,0xC0,0x80,0x00,0x00,
 463          0x80,0x00,0x00,0x00,0x80,0x00,0x00,0x00,0x80,0xC0,0xC0,0xC0,0x80,0x00,0x00,0x80,
 464          0xC0,0xC0,0x80,0x00,0xC0,0x00,0x00,0x00,0x00,0x00,0x00,0xC0,0x00,0xC1,0xC1,0xC1,
 465          0xC1,0x01,0x01,0xC1,0xC1,0xC1,0x81,0x01,0x01,0x00,0x00,0x00,0x80,0xC0,0xC0,0x80,
 466          0x00,0x00,0x80,0xC0,0xC0,0xC0,0x80,0x00,0x80,0x80,0x00,0xC0,0xC0,0xC0,0xC0,0x80,
 467          0x00,0x00,0x00,0x00,0x00,0x00,0x00,0x00,0x00,0x00,0x00,0x00,0x00,0x00,0x00,0x00,
 468          0x00,0x00,0x00,0x00,0x00,0x00,0x00,0x00,0x00,0x00,0xFF,0xFF,0xFF,0xFF,0xFF,0xFF,
 469          0xFF,0xFF,0xFF,0xFF,0xFF,0xFF,0xFF,0xFF,0xFF,0xFF,0xFF,0xFF,0xFF,0x00,0x00,0x00,
 470          0x00,0x00,0x00,0x00,0x00,0x00,0x00,0x3F,0xFF,0xC0,0xC0,0x61,0x00,0x00,0xFF,0x04,
 471          0x04,0xFF,0x00,0x00,0xFF,0x00,0xFF,0x0F,0x0E,0x78,0xFF,0x00,0xE0,0x7E,0x67,0x67,
 472          0x7C,0xE0,0x00,0x00,0x00,0x63,0xC7,0xCC,0xFD,0x71,0x00,0x3F,0xE1,0xC0,0xC0,0x7F,
 473          0x1E,0x00,0x7F,0xC0,0xC0,0xFF,0x3F,0x00,0x00,0xFF,0xFF,0x00,0x00,0xFF,0xFF,0x0C,
 474          0x0C,0xFF,0x00,0x00,0xFF,0xCC,0xCC,0xCC,0x00,0x7F,0xFF,0x18,0x1C,0xFF,0xC0,0x00,
 475          0xFF,0x07,0x1C,0xF8,0xFF,0x00,0x00,0x00,0xFF,0xFF,0x18,0x0F,0x07,0x00,0x3E,0xF3,
 476          0xE1,0xE1,0xF3,0x3F,0x07,0xFE,0xF8,0x07,0x07,0xFC,0xFE,0x03,0x00,0xFF,0xCC,0xCC,
 477          0xCC,0x00,0x00,0xFF,0x18,0x1C,0xFF,0xC0,0x00,0x00,0x00,0x3F,0xFF,0xC0,0xC8,0xF9,
 478          0x30,0x00,0xFF,0x0C,0x0C,0x3C,0xE7,0x00,0xFF,0xFF,0x00,0xFF,0xC0,0xC0,0xF3,0x7F
 479          };
 480          


MODULE INFORMATION:   STATIC OVERLAYABLE
   CODE SIZE        =   ----    ----
   CONSTANT SIZE    =   1905    ----
   XDATA SIZE       =   4041    ----
   PDATA SIZE       =   ----    ----
   DATA SIZE        =   ----    ----
   IDATA SIZE       =   ----    ----
   BIT SIZE         =   ----    ----
END OF MODULE INFORMATION.


C51 COMPILATION COMPLETE.  0 WARNING(S),  0 ERROR(S)
