C51 COMPILER V9.60.0.0   KEY                                                               09/22/2021 09:56:55 PAGE 1   


C51 COMPILER V9.60.0.0, COMPILATION OF MODULE KEY
OBJECT MODULE PLACED IN .\Objects\Key.obj
COMPILER INVOKED BY: C:\Keil_v5\C51\BIN\C51.EXE Source\Key.c LARGE OPTIMIZE(8,SPEED) BROWSE INCDIR(.\Include;.\FreeModBu
                    -s\Inc) DEBUG OBJECTEXTEND PRINT(.\Listings\Key.lst) OBJECT(.\Objects\Key.obj)

line level    source

   1          #include "Key.h"
   2          #include "systemTimer.h"
   3          #include "usart.h"
   4          
   5          KEY_STATE KeyStateCurrrent = KEY_NON;    //按键当前状态,初始化为无按键
   6          
   7          
   8          //========================================================================
   9          // 函数: KEY_e Key_Chick(void)
  10          // 描述: 获取按键值
  11          // 参数: NONE
  12          // 返回: 返回按键值
  13          // 备注: 调试通过
  14          //========================================================================
  15          KEY_e Key_Chick(void)
  16          {
  17   1              static uint8_t KeyTemp;
  18   1              //获取按键值
  19   1              uint8_t KeyValue = (uint8_t)(KEY_UP_GPIO) | ((uint8_t)KEY_CANCEL_GPIO << 1) | ((uint8_t)KEY_DOWN_GPIO << 
             -2) | ((uint8_t)KEY_ENTER_GPIO << 3) | ((uint8_t)KEY_MENU_GPIO << 4);
  20   1              switch(KeyStateCurrrent)
  21   1              {
  22   2                      case KEY_NON:                           //无按键
  23   2                      {               
  24   3                              if(KeyValue != NO_KEY)
  25   3                              {
  26   4                                      KeyStateCurrrent = KEY_PRESS;   
  27   4                              }
  28   3                      }break;
  29   2                      case KEY_PRESS:         //按键按下
  30   2                      {
  31   3                              Delay_ms(10);
  32   3                              if(KeyValue != NO_KEY)
  33   3                              {
  34   4                                      KeyTemp = KeyValue;    //保存key的值
  35   4                                      KeyStateCurrrent = KEY_HOLD;
  36   4                              }
  37   3                      }break;
  38   2                      case KEY_HOLD:          //按键保持
  39   2                      {
  40   3                              if(KeyValue == NO_KEY)
  41   3                              {
  42   4                                      KeyStateCurrrent = KEY_UPLIFT;
  43   4                                      return KeyTemp;
  44   4                              }
  45   3                      }break;
  46   2                      case KEY_UPLIFT:  //按键抬起
  47   2                      {
  48   3                              KeyTemp = NO_KEY;  //抬起后使keytemp变为无按键
  49   3                              KeyStateCurrrent = KEY_NON;
  50   3                              Delay_ms(10);
  51   3                      }break;         
  52   2              }
  53   1              return NO_KEY;
C51 COMPILER V9.60.0.0   KEY                                                               09/22/2021 09:56:55 PAGE 2   

  54   1      }
  55          
  56          


MODULE INFORMATION:   STATIC OVERLAYABLE
   CODE SIZE        =    142    ----
   CONSTANT SIZE    =   ----    ----
   XDATA SIZE       =      2       1
   PDATA SIZE       =   ----    ----
   DATA SIZE        =   ----    ----
   IDATA SIZE       =   ----    ----
   BIT SIZE         =   ----    ----
END OF MODULE INFORMATION.


C51 COMPILATION COMPLETE.  0 WARNING(S),  0 ERROR(S)
