C51 COMPILER V9.60.0.0   LTE                                                               09/22/2021 14:54:45 PAGE 1   


C51 COMPILER V9.60.0.0, COMPILATION OF MODULE LTE
OBJECT MODULE PLACED IN .\Objects\LTE.obj
COMPILER INVOKED BY: C:\Keil_v5\C51\BIN\C51.EXE Source\LTE.c LARGE OPTIMIZE(9,SPEED) BROWSE INCDIR(.\Include;.\FreeModBu
                    -s\Inc) DEBUG OBJECTEXTEND PRINT(.\Listings\LTE.lst) OBJECT(.\Objects\LTE.obj)

line level    source

   1          #include "LTE.h"
   2          #include "systemTimer.h"
   3          #include "usart.h"
   4          #include <string.h>
   5          
   6          const AT_COMMAND atCmdLteInit[] =            //LTE模块AT指令
   7          {
   8              {"+++", "a", T_2S},
   9              {"a", "+ok", T_2S},
  10              {"AT+E=OFF\r\n", "OK", T_500MS},
  11          
  12              {"AT+HEARTDT=7777772E796E7061782E636F6D\r\n", "OK", T_500MS},
  13          
  14              {"AT+WKMOD=NET\r\n", "OK", T_500MS},
  15              {"AT+SOCKAEN=ON\r\n", "OK", T_500MS},
  16              {"AT+SOCKASL=LONG\r\n", "OK", T_500MS},
  17              {"AT+SOCKA=TCP,clouddata.usr.cn,15000\r\n", "OK", T_500MS},
  18          
  19              {"AT+REGEN=ON\r\n", "OK", T_500MS},
  20              {"AT+REGTP=CLOUD\r\n", "OK", T_500MS},
  21              {"AT+CLOUD=00019639000000000034,SkdGAzyl\r\n", "OK", T_500MS},
  22              {"AT+Z\r\n", "OK", T_500MS},
  23          };
  24          #define atCmdLteInitSize  sizeof(atCmdLteInit)/sizeof(AT_COMMAND)
  25          
  26          
  27          void LTEconnect(void)                   //连接服务器
  28          {
  29   1          uint8_t i;
  30   1      
  31   1          for(i = 0; i < atCmdLteInitSize; i++)
  32   1          {
  33   2                      Uartx_SendStr(&Uart2,atCmdLteInit[i].Cmd,strlen(atCmdLteInit[i].Cmd));
  34   2              Delay_ms(500);
  35   2      
  36   2          }
  37   1      
  38   1          Delay_ms(2000);
  39   1      }
  40          
  41          //void LTEreset(void)
  42          //{
  43          
  44          //}
  45          
  46          //bool LTEisLinkA(void)                 //是否连接上服务器A
  47          //{
  48          //    return LTE_LINKA;
  49          //}
  50          
  51          void LTEenable(bool Enable)  //模块启停
  52          {
  53   1          if(Enable == TRUE)
  54   1          {
C51 COMPILER V9.60.0.0   LTE                                                               09/22/2021 14:54:45 PAGE 2   

  55   2              LTE_POWER_KEY = 1;
  56   2          }
  57   1          else
  58   1          {
  59   2              LTE_POWER_KEY = 0;
  60   2          }
  61   1      }
  62          
  63          //void LTEreload(void)
  64          //{
  65          //    LTE_RELOAD = 0;
  66          
  67          //    Delay_ms(2000);
  68          //    Delay_ms(2000);
  69          //    Delay_ms(2000);
  70          //    Delay_ms(2000);
  71          
  72          //    LTE_RELOAD = 1;
  73          //}


MODULE INFORMATION:   STATIC OVERLAYABLE
   CODE SIZE        =    119    ----
   CONSTANT SIZE    =    230    ----
   XDATA SIZE       =     84       1
   PDATA SIZE       =   ----    ----
   DATA SIZE        =   ----    ----
   IDATA SIZE       =   ----    ----
   BIT SIZE         =   ----    ----
END OF MODULE INFORMATION.


C51 COMPILATION COMPLETE.  0 WARNING(S),  0 ERROR(S)
