C51 COMPILER V9.60.0.0   MDRECBUFFER                                                       09/18/2021 18:02:50 PAGE 1   


C51 COMPILER V9.60.0.0, COMPILATION OF MODULE MDRECBUFFER
OBJECT MODULE PLACED IN .\Objects\mdrecbuffer.obj
COMPILER INVOKED BY: C:\Keil_v5\C51\BIN\C51.EXE FreeModBus\Src\mdrecbuffer.c LARGE OPTIMIZE(8,SPEED) BROWSE INCDIR(.\Inc
                    -lude;.\FreeModBus\Inc) DEBUG OBJECTEXTEND PRINT(.\Listings\mdrecbuffer.lst) OBJECT(.\Objects\mdrecbuffer.obj)

line level    source

   1          
   2          #include "mdrecbuffer.h"
   3          #include <stdlib.h>
   4          #include <string.h>
   5          
   6          #if(USER_MODBUS_LIB)
   7          /*
   8              mdClearReceiveBuffer
   9                  @handler 句柄
  10                  @return
  11              复位接收缓冲
  12          */
  13          mdVOID mdClearReceiveBuffer(ReceiveBufferHandle handler)
  14          {
  15   1          handler->count = 0;
  16   1          memset(handler->buf,0,MODBUS_PDU_SIZE_MAX);
  17   1      }
  18          
  19          /*
  20              mdCreateReceiveBuffer
  21                  @handler 句柄
  22                  @return
  23              创建并初始化接收缓冲
  24          */
  25          mdSTATUS mdCreateReceiveBuffer(ReceiveBufferHandle *handler)
  26          {
  27   1          (*handler) = (ReceiveBufferHandle)malloc(sizeof(struct ReceiveBuffer));
  28   1          if(!handler){
  29   2              free(handler);
  30   2              return mdFALSE;
  31   2          }
  32   1          mdClearReceiveBuffer(*handler);
  33   1          return mdTRUE;
  34   1      }
  35          
  36          /*
  37              mdDestoryReceiveBuffer
  38                  @handler 句柄
  39                  @return
  40              销毁接收缓冲，释放内存
  41          */
  42          mdVOID mdDestoryReceiveBuffer(ReceiveBufferHandle *handler)
  43          {
  44   1          free(*handler);
  45   1          (*handler) = NULL;
  46   1      }
  47          #endif
  48          


MODULE INFORMATION:   STATIC OVERLAYABLE
   CODE SIZE        =    173    ----
   CONSTANT SIZE    =   ----    ----
   XDATA SIZE       =   ----       6
C51 COMPILER V9.60.0.0   MDRECBUFFER                                                       09/18/2021 18:02:50 PAGE 2   

   PDATA SIZE       =   ----    ----
   DATA SIZE        =   ----    ----
   IDATA SIZE       =   ----    ----
   BIT SIZE         =   ----    ----
END OF MODULE INFORMATION.


C51 COMPILATION COMPLETE.  0 WARNING(S),  0 ERROR(S)
