C51 COMPILER V9.60.0.0   PFUNC                                                             12/18/2021 17:07:55 PAGE 1   


C51 COMPILER V9.60.0.0, COMPILATION OF MODULE PFUNC
OBJECT MODULE PLACED IN .\Objects\pFunc.obj
COMPILER INVOKED BY: C:\Keil_v5\C51\BIN\C51.EXE Source\pFunc.c LARGE OPTIMIZE(9,SIZE) BROWSE INCDIR(.\Include;.\FreeModB
                    -us\Inc) DEBUG OBJECTEXTEND PRINT(.\Listings\pFunc.lst) OBJECT(.\Objects\pFunc.obj)

line level    source

   1          #include "pFunc.h"
   2          
   3          char *myitoa(int num, char *str, int radix)
   4          {
   5   1        char index[] = "0123456789ABCDEFGHIJKLMNOPQRSTUVWXYZ";
   6   1        unsigned unum;
   7   1        char temp;
   8   1        int i = 0, j, k;
   9   1      
  10   1        if (radix == 10 && num < 0)
  11   1        {
  12   2          unum = (unsigned)-num;
  13   2          str[i++] = '-';
  14   2        }
  15   1        else
  16   1          unum = (unsigned)num;
  17   1      
  18   1        do
  19   1        {
  20   2          str[i++] = index[unum % (unsigned)radix];
  21   2          unum /= radix;
  22   2      
  23   2        } while (unum);
  24   1      
  25   1        str[i] = '\0';
  26   1      
  27   1        if (str[0] == '-')
  28   1          k = 1;
  29   1        else
  30   1          k = 0;
  31   1      
  32   1        for (j = k; j <= (i - 1) / 2; j++)
  33   1        {
  34   2          temp = str[j];
  35   2          str[j] = str[i - 1 + k - j];
  36   2          str[i - 1 + k - j] = temp;
  37   2        }
  38   1        return str;
  39   1      }
  40          
  41          unsigned char LoopIndex(unsigned char operation, unsigned char Index, unsigned IndexSize)
  42          {
  43   1        if (operation == DOWMWORD)
  44   1        {
  45   2          Index++;
  46   2          Index %= IndexSize;
  47   2        }
  48   1        else
  49   1        {
  50   2          if (Index == 0)
  51   2          {
  52   3            Index = IndexSize;
  53   3          }
  54   2          Index--;
C51 COMPILER V9.60.0.0   PFUNC                                                             12/18/2021 17:07:55 PAGE 2   

  55   2          Index %= IndexSize;
  56   2        }
  57   1        return Index;
  58   1      }


MODULE INFORMATION:   STATIC OVERLAYABLE
   CODE SIZE        =    468    ----
   CONSTANT SIZE    =     37    ----
   XDATA SIZE       =   ----      53
   PDATA SIZE       =   ----    ----
   DATA SIZE        =   ----    ----
   IDATA SIZE       =   ----    ----
   BIT SIZE         =   ----    ----
END OF MODULE INFORMATION.


C51 COMPILATION COMPLETE.  0 WARNING(S),  0 ERROR(S)
