C51 COMPILER V9.60.0.0   SYSTEMTIMER                                                       12/21/2021 12:13:53 PAGE 1   


C51 COMPILER V9.60.0.0, COMPILATION OF MODULE SYSTEMTIMER
OBJECT MODULE PLACED IN .\Objects\systemTimer.obj
COMPILER INVOKED BY: C:\Keil_v5\C51\BIN\C51.EXE Source\systemTimer.c LARGE OPTIMIZE(9,SIZE) BROWSE INCDIR(.\Include;.\Fr
                    -eeModBus\Inc) DEBUG OBJECTEXTEND PRINT(.\Listings\systemTimer.lst) OBJECT(.\Objects\systemTimer.obj)

line level    source

   1          #include "systemTimer.h"
   2          
   3          // PUBLIC_TIMER8 PublicTimer8;
   4          PUBLIC_TIMER16 PublicTimer16;
   5          
   6          /***********************************************************************
   7          * systemTimer(void)
   8          *
   9          * 这是一个以10ms为单位的滴答系统时钟
  10          *
  11          * 作者：
  12          ************************************************************************/
  13          void systemTimer(void)
  14          {
  15   1          //add your code please.
  16   1      
  17   1          if(PublicTimer16.MenuDly16.Timer16Count)    //菜单定时器
  18   1          {
  19   2              PublicTimer16.MenuDly16.Timer16Count--;
  20   2      
  21   2              if(!PublicTimer16.MenuDly16.Timer16Count)
  22   2              {
  23   3                  PublicTimer16.MenuDly16.Timer16Flag = true;
  24   3              }
  25   2          }
  26   1      }
  27          
  28          void Delay_ms(unsigned short time)
  29          {
  30   1          unsigned short temp;
  31   1      
  32   1          temp = time;
  33   1      
  34   1          while(temp --)
  35   1          {
  36   2              Delay1ms();
  37   2          }
  38   1      }
  39          
  40          /*禁止编译器优化该模块*/
  41          // #pragma OPTIMIZE(0)
  42          
  43          void Delay1ms()         //@11.0592.000MHz
  44          {
  45   1          unsigned char i, j;
  46   1      
  47   1          i = 11;
  48   1          j = 190;
  49   1      
  50   1          do
  51   1          {
  52   2              while (--j);
  53   2          }
  54   1          while (--i);
C51 COMPILER V9.60.0.0   SYSTEMTIMER                                                       12/21/2021 12:13:53 PAGE 2   

  55   1      }
  56          


MODULE INFORMATION:   STATIC OVERLAYABLE
   CODE SIZE        =     75    ----
   CONSTANT SIZE    =   ----    ----
   XDATA SIZE       =      8       2
   PDATA SIZE       =   ----    ----
   DATA SIZE        =   ----    ----
   IDATA SIZE       =   ----    ----
   BIT SIZE         =   ----    ----
END OF MODULE INFORMATION.


C51 COMPILATION COMPLETE.  0 WARNING(S),  0 ERROR(S)
